<?xml version="1.0" encoding="UTF-8"?>
<!-- Generated by org.testng.reporters.JUnitReportReporter -->
<testsuite hostname="LAPTOP-E40OKJ6V" failures="1" tests="1" name="MercedesBenzOnlineShop.MercedesBenzOnlineShop.ContactMe" time="1.929" errors="0" timestamp="6 Aug 2021 10:31:10 GMT">
  <testcase classname="MercedesBenzOnlineShop.MercedesBenzOnlineShop.ContactMe" name="test" time="1.929">
    <failure message="session not created: This version of ChromeDriver only supports Chrome version 93
Current browser version is 92.0.4515.131 with binary path C:\Program Files\Google\Chrome\Application\chrome.exe
Build info: version: &#039;3.141.59&#039;, revision: &#039;e82be7d358&#039;, time: &#039;2018-11-14T08:17:03&#039;
System info: host: &#039;LAPTOP-E40OKJ6V&#039;, ip: &#039;192.168.86.23&#039;, os.name: &#039;Windows 10&#039;, os.arch: &#039;amd64&#039;, os.version: &#039;10.0&#039;, java.version: &#039;16.0.2&#039;
Driver info: driver.version: ChromeDriver
remote stacktrace: Backtrace:
	Ordinal0 [0x0064A2D3+2663123]
	Ordinal0 [0x005DA491+2204817]
	Ordinal0 [0x004C2118+1057048]
	Ordinal0 [0x004E041A+1180698]
	Ordinal0 [0x004DC335+1164085]
	Ordinal0 [0x004D9B7F+1153919]
	Ordinal0 [0x00509D8F+1351055]
	Ordinal0 [0x005099FA+1350138]
	Ordinal0 [0x0050589B+1333403]
	Ordinal0 [0x004E1F74+1187700]
	Ordinal0 [0x004E2DC9+1191369]
	GetHandleVerifier [0x007E30D6+1610054]
	GetHandleVerifier [0x0088B53B+2299307]
	GetHandleVerifier [0x006D8DA9+519705]
	GetHandleVerifier [0x006D7759+513993]
	Ordinal0 [0x005E112D+2232621]
	Ordinal0 [0x005E55F8+2250232]
	Ordinal0 [0x005E5732+2250546]
	Ordinal0 [0x005EE591+2286993]
	BaseThreadInitThunk [0x75C8FA29+25]
	RtlGetAppContainerNamedObjectPath [0x770B75F4+228]
	RtlGetAppContainerNamedObjectPath [0x770B75C4+180]
" type="org.openqa.selenium.SessionNotCreatedException">
      <![CDATA[org.openqa.selenium.SessionNotCreatedException: session not created: This version of ChromeDriver only supports Chrome version 93
Current browser version is 92.0.4515.131 with binary path C:\Program Files\Google\Chrome\Application\chrome.exe
Build info: version: '3.141.59', revision: 'e82be7d358', time: '2018-11-14T08:17:03'
System info: host: 'LAPTOP-E40OKJ6V', ip: '192.168.86.23', os.name: 'Windows 10', os.arch: 'amd64', os.version: '10.0', java.version: '16.0.2'
Driver info: driver.version: ChromeDriver
remote stacktrace: Backtrace:
	Ordinal0 [0x0064A2D3+2663123]
	Ordinal0 [0x005DA491+2204817]
	Ordinal0 [0x004C2118+1057048]
	Ordinal0 [0x004E041A+1180698]
	Ordinal0 [0x004DC335+1164085]
	Ordinal0 [0x004D9B7F+1153919]
	Ordinal0 [0x00509D8F+1351055]
	Ordinal0 [0x005099FA+1350138]
	Ordinal0 [0x0050589B+1333403]
	Ordinal0 [0x004E1F74+1187700]
	Ordinal0 [0x004E2DC9+1191369]
	GetHandleVerifier [0x007E30D6+1610054]
	GetHandleVerifier [0x0088B53B+2299307]
	GetHandleVerifier [0x006D8DA9+519705]
	GetHandleVerifier [0x006D7759+513993]
	Ordinal0 [0x005E112D+2232621]
	Ordinal0 [0x005E55F8+2250232]
	Ordinal0 [0x005E5732+2250546]
	Ordinal0 [0x005EE591+2286993]
	BaseThreadInitThunk [0x75C8FA29+25]
	RtlGetAppContainerNamedObjectPath [0x770B75F4+228]
	RtlGetAppContainerNamedObjectPath [0x770B75C4+180]

	at java.base/jdk.internal.reflect.NativeConstructorAccessorImpl.newInstance0(Native Method)
	at java.base/jdk.internal.reflect.NativeConstructorAccessorImpl.newInstance(NativeConstructorAccessorImpl.java:78)
	at java.base/jdk.internal.reflect.DelegatingConstructorAccessorImpl.newInstance(DelegatingConstructorAccessorImpl.java:45)
	at java.base/java.lang.reflect.Constructor.newInstanceWithCaller(Constructor.java:499)
	at java.base/java.lang.reflect.Constructor.newInstance(Constructor.java:480)
	at org.openqa.selenium.remote.W3CHandshakeResponse.lambda$errorHandler$0(W3CHandshakeResponse.java:62)
	at org.openqa.selenium.remote.HandshakeResponse.lambda$getResponseFunction$0(HandshakeResponse.java:30)
	at org.openqa.selenium.remote.ProtocolHandshake.lambda$createSession$0(ProtocolHandshake.java:126)
	at java.base/java.util.stream.ReferencePipeline$3$1.accept(ReferencePipeline.java:197)
	at java.base/java.util.Spliterators$ArraySpliterator.tryAdvance(Spliterators.java:958)
	at java.base/java.util.stream.ReferencePipeline.forEachWithCancel(ReferencePipeline.java:129)
	at java.base/java.util.stream.AbstractPipeline.copyIntoWithCancel(AbstractPipeline.java:502)
	at java.base/java.util.stream.AbstractPipeline.copyInto(AbstractPipeline.java:488)
	at java.base/java.util.stream.AbstractPipeline.wrapAndCopyInto(AbstractPipeline.java:474)
	at java.base/java.util.stream.FindOps$FindOp.evaluateSequential(FindOps.java:150)
	at java.base/java.util.stream.AbstractPipeline.evaluate(AbstractPipeline.java:234)
	at java.base/java.util.stream.ReferencePipeline.findFirst(ReferencePipeline.java:647)
	at org.openqa.selenium.remote.ProtocolHandshake.createSession(ProtocolHandshake.java:128)
	at org.openqa.selenium.remote.ProtocolHandshake.createSession(ProtocolHandshake.java:74)
	at org.openqa.selenium.remote.HttpCommandExecutor.execute(HttpCommandExecutor.java:136)
	at org.openqa.selenium.remote.service.DriverCommandExecutor.execute(DriverCommandExecutor.java:83)
	at org.openqa.selenium.remote.RemoteWebDriver.execute(RemoteWebDriver.java:552)
	at org.openqa.selenium.remote.RemoteWebDriver.startSession(RemoteWebDriver.java:213)
	at org.openqa.selenium.remote.RemoteWebDriver.<init>(RemoteWebDriver.java:131)
	at org.openqa.selenium.chrome.ChromeDriver.<init>(ChromeDriver.java:170)
	at org.openqa.selenium.chrome.ChromeDriver.<init>(ChromeDriver.java:159)
	at org.openqa.selenium.chrome.ChromeDriver.<init>(ChromeDriver.java:116)
	at MercedesBenzOnlineShop.MercedesBenzOnlineShop.ContactMe.test(ContactMe.java:21)
	at java.base/jdk.internal.reflect.NativeMethodAccessorImpl.invoke0(Native Method)
	at java.base/jdk.internal.reflect.NativeMethodAccessorImpl.invoke(NativeMethodAccessorImpl.java:78)
	at java.base/jdk.internal.reflect.DelegatingMethodAccessorImpl.invoke(DelegatingMethodAccessorImpl.java:43)
	at java.base/java.lang.reflect.Method.invoke(Method.java:567)
	at org.testng.internal.MethodInvocationHelper.invokeMethod(MethodInvocationHelper.java:80)
	at org.testng.internal.Invoker.invokeMethod(Invoker.java:714)
	at org.testng.internal.Invoker.invokeTestMethod(Invoker.java:901)
	at org.testng.internal.Invoker.invokeTestMethods(Invoker.java:1231)
	at org.testng.internal.TestMethodWorker.invokeTestMethods(TestMethodWorker.java:127)
	at org.testng.internal.TestMethodWorker.run(TestMethodWorker.java:111)
	at org.testng.TestRunner.privateRun(TestRunner.java:767)
	at org.testng.TestRunner.run(TestRunner.java:617)
	at org.testng.SuiteRunner.runTest(SuiteRunner.java:334)
	at org.testng.SuiteRunner.runSequentially(SuiteRunner.java:329)
	at org.testng.SuiteRunner.privateRun(SuiteRunner.java:291)
	at org.testng.SuiteRunner.run(SuiteRunner.java:240)
	at org.testng.SuiteRunnerWorker.runSuite(SuiteRunnerWorker.java:52)
	at org.testng.SuiteRunnerWorker.run(SuiteRunnerWorker.java:86)
	at org.testng.TestNG.runSuitesSequentially(TestNG.java:1198)
	at org.testng.TestNG.runSuitesLocally(TestNG.java:1123)
	at org.testng.TestNG.run(TestNG.java:1031)
	at org.testng.remote.AbstractRemoteTestNG.run(AbstractRemoteTestNG.java:115)
	at org.testng.remote.RemoteTestNG.initAndRun(RemoteTestNG.java:251)
	at org.testng.remote.RemoteTestNG.main(RemoteTestNG.java:77)
]]>
    </failure>
  </testcase> <!-- test -->
</testsuite> <!-- MercedesBenzOnlineShop.MercedesBenzOnlineShop.ContactMe -->
